2018-08-10 09:03:35.487  INFO AnanthaRajuCdesktop --- [  restartedMain] c.a.s.SBtemplateApplication              : Starting SBtemplateApplication on AnanthaRajuCdesktop with PID 3052 (G:\WS_Eclipse\Framework_Spring_Boot\SBtemplate\target\classes started by Anantha Raju C in G:\WS_Eclipse\Framework_Spring_Boot\SBtemplate)
2018-08-10 09:03:35.503  INFO AnanthaRajuCdesktop --- [  restartedMain] c.a.s.SBtemplateApplication              : The following profiles are active: mvnpackage,mvn package
2018-08-10 09:03:35.659  INFO AnanthaRajuCdesktop --- [  restartedMain] ConfigServletWebServerApplicationContext : Refreshing org.springframework.boot.web.servlet.context.AnnotationConfigServletWebServerApplicationContext@6f5c9a09: startup date [Fri Aug 10 09:03:35 IST 2018]; root of context hierarchy
2018-08-10 09:03:40.034  INFO AnanthaRajuCdesktop --- [  restartedMain] trationDelegate$BeanPostProcessorChecker : Bean 'org.springframework.transaction.annotation.ProxyTransactionManagementConfiguration' of type [org.springframework.transaction.annotation.ProxyTransactionManagementConfiguration$$EnhancerBySpringCGLIB$$78d573ed] is not eligible for getting processed by all BeanPostProcessors (for example: not eligible for auto-proxying)
2018-08-10 09:03:41.012  INFO AnanthaRajuCdesktop --- [  restartedMain] o.s.b.w.e.t.TomcatWebServer              : Tomcat initialized with port(s): 8088 (http)
2018-08-10 09:03:41.028  INFO AnanthaRajuCdesktop --- [  restartedMain] o.a.c.h.Http11NioProtocol                : Initializing ProtocolHandler ["http-nio-8088"]
2018-08-10 09:03:41.059  INFO AnanthaRajuCdesktop --- [  restartedMain] o.a.c.c.StandardService                  : Starting service [Tomcat]
2018-08-10 09:03:41.062  INFO AnanthaRajuCdesktop --- [  restartedMain] o.a.c.c.StandardEngine                   : Starting Servlet Engine: Apache Tomcat/8.5.32
2018-08-10 09:03:41.065  INFO AnanthaRajuCdesktop --- [ost-startStop-1] o.a.c.c.AprLifecycleListener             : The APR based Apache Tomcat Native library which allows optimal performance in production environments was not found on the java.library.path: [C:\Program Files\Java\jdk1.8.0_112\bin;C:\WINDOWS\Sun\Java\bin;C:\WINDOWS\system32;C:\WINDOWS;C:/Program Files/Java/jre1.8.0_112/bin/server;C:/Program Files/Java/jre1.8.0_112/bin;C:/Program Files/Java/jre1.8.0_112/lib/amd64;C:\ProgramData\Oracle\Java\javapath;E:\Oracle12c_SE_64-Bit\oracleClient\app\product\11.2.0\client_1\bin;E:\Oracle12c_SE_64-Bit\app\product\12.1.0\dbhome_1\bin;C:\Program Files (x86)\Intel\iCLS Client\;C:\Program Files\Intel\iCLS Client\;C:\WINDOWS\system32;C:\WINDOWS;C:\WINDOWS\System32\Wbem;C:\WINDOWS\System32\WindowsPowerShell\v1.0\;C:\Program Files (x86)\Intel\Intel(R) Management Engine Components\DAL;C:\Program Files\Intel\Intel(R) Management Engine Components\DAL;C:\Program Files (x86)\Intel\Intel(R) Management Engine Components\IPT;C:\Program Files\Intel\Intel(R) Management Engine Components\IPT;C:\Program Files (x86)\Skype\Phone\;C:\Program Files\Java\jdk1.8.0_112\bin;C:\Program Files\Git\cmd;C:\code_2018\apache-maven-3.5.2\bin;C:\Program Files\MySQL\MySQL Utilities 1.6\;C:\Program Files\dotnet\;C:\Mule\bin;C:\Program Files\nodejs\;C:\Program Files (x86)\Yarn\bin\;C:\Program Files\CMake\bin;C:\code_2018\apache-activemq-5.14.3\bin\win64;C:\Program Files (x86)\scala\bin;C:\code_2018\spark-2.3.0-bin-hadoop2.7\bin;C:\code_2018\gradle-4.6\bin;C:\Program Files (x86)\sbt\bin;C:\code_2018\curl-7.59.0\src;C:\code_2018\hadoop-2.7.3\bin;;C:\WINDOWS\System32\OpenSSH\;C:\Program Files\Calibre2\;C:\Program Files\Microsoft VS Code\bin;C:\Users\Anantha Raju C\AppData\Local\Microsoft\WindowsApps;;C:\Program Files\Docker Toolbox;C:\Users\Anantha Raju C\AppData\Roaming\npm;C:\Users\Anantha Raju C\AppData\Local\Yarn\bin;C:\Program Files\Microsoft VS Code\bin;C:\Users\Anantha Raju C\AppData\Local\Programs\Fiddler;%USERPROFILE%\AppData\Local\Microsoft\WindowsApps;C:\Users\Anantha Raju C\Desktop\Development;;.]
2018-08-10 09:03:41.346  INFO AnanthaRajuCdesktop --- [ost-startStop-1] o.a.c.c.C.[.[.[/]                        : Initializing Spring embedded WebApplicationContext
2018-08-10 09:03:41.346  INFO AnanthaRajuCdesktop --- [ost-startStop-1] o.s.w.c.ContextLoader                    : Root WebApplicationContext: initialization completed in 5687 ms
2018-08-10 09:03:43.283  INFO AnanthaRajuCdesktop --- [ost-startStop-1] o.s.b.w.s.FilterRegistrationBean         : Mapping filter: 'characterEncodingFilter' to: [/*]
2018-08-10 09:03:43.291  INFO AnanthaRajuCdesktop --- [ost-startStop-1] o.s.b.w.s.FilterRegistrationBean         : Mapping filter: 'webMvcMetricsFilter' to: [/*]
2018-08-10 09:03:43.292  INFO AnanthaRajuCdesktop --- [ost-startStop-1] o.s.b.w.s.FilterRegistrationBean         : Mapping filter: 'hiddenHttpMethodFilter' to: [/*]
2018-08-10 09:03:43.292  INFO AnanthaRajuCdesktop --- [ost-startStop-1] o.s.b.w.s.FilterRegistrationBean         : Mapping filter: 'httpPutFormContentFilter' to: [/*]
2018-08-10 09:03:43.292  INFO AnanthaRajuCdesktop --- [ost-startStop-1] o.s.b.w.s.FilterRegistrationBean         : Mapping filter: 'requestContextFilter' to: [/*]
2018-08-10 09:03:43.292  INFO AnanthaRajuCdesktop --- [ost-startStop-1] o.s.b.w.s.FilterRegistrationBean         : Mapping filter: 'httpTraceFilter' to: [/*]
2018-08-10 09:03:43.293  INFO AnanthaRajuCdesktop --- [ost-startStop-1] o.s.b.w.s.ServletRegistrationBean        : Servlet dispatcherServlet mapped to [/]
2018-08-10 09:03:43.496  INFO AnanthaRajuCdesktop --- [  restartedMain] c.z.h.HikariDataSource                   : HikariPool-1 - Starting...
2018-08-10 09:03:43.871  INFO AnanthaRajuCdesktop --- [  restartedMain] c.z.h.HikariDataSource                   : HikariPool-1 - Start completed.
2018-08-10 09:03:43.934  INFO AnanthaRajuCdesktop --- [  restartedMain] j.LocalContainerEntityManagerFactoryBean : Building JPA container EntityManagerFactory for persistence unit 'default'
2018-08-10 09:03:43.965  INFO AnanthaRajuCdesktop --- [  restartedMain] o.h.j.i.u.LogHelper                      : HHH000204: Processing PersistenceUnitInfo [
	name: default
	...]
2018-08-10 09:03:44.137  INFO AnanthaRajuCdesktop --- [  restartedMain] o.h.Version                              : HHH000412: Hibernate Core {5.2.17.Final}
2018-08-10 09:03:44.137  INFO AnanthaRajuCdesktop --- [  restartedMain] o.h.c.Environment                        : HHH000206: hibernate.properties not found
2018-08-10 09:03:44.215  INFO AnanthaRajuCdesktop --- [  restartedMain] o.h.a.c.Version                          : HCANN000001: Hibernate Commons Annotations {5.0.1.Final}
2018-08-10 09:03:44.434  INFO AnanthaRajuCdesktop --- [  restartedMain] o.h.d.Dialect                            : HHH000400: Using dialect: org.hibernate.dialect.MySQL5InnoDBDialect
2018-08-10 09:03:45.302  INFO AnanthaRajuCdesktop --- [  restartedMain] j.LocalContainerEntityManagerFactoryBean : Initialized JPA EntityManagerFactory for persistence unit 'default'
2018-08-10 09:03:46.771  WARN AnanthaRajuCdesktop --- [  restartedMain] aWebConfiguration$JpaWebMvcConfiguration : spring.jpa.open-in-view is enabled by default. Therefore, database queries may be performed during view rendering. Explicitly configure spring.jpa.open-in-view to disable this warning
2018-08-10 09:03:46.904  INFO AnanthaRajuCdesktop --- [  restartedMain] s.w.s.m.m.a.RequestMappingHandlerMapping : Mapped "{[/api/persons],methods=[GET]}" onto public java.util.List<com.arc.sbtest.model.Person> com.arc.sbtest.controller.MScontroller.getAllPersons()
2018-08-10 09:03:46.904  INFO AnanthaRajuCdesktop --- [  restartedMain] s.w.s.m.m.a.RequestMappingHandlerMapping : Mapped "{[/api/persons/{id}],methods=[GET]}" onto public com.arc.sbtest.model.Person com.arc.sbtest.controller.MScontroller.getPersonById(java.lang.Long)
2018-08-10 09:03:46.904  INFO AnanthaRajuCdesktop --- [  restartedMain] s.w.s.m.m.a.RequestMappingHandlerMapping : Mapped "{[/api/persons/{id}],methods=[PUT]}" onto public com.arc.sbtest.model.Person com.arc.sbtest.controller.MScontroller.updatePerson(java.lang.Long,com.arc.sbtest.model.Person)
2018-08-10 09:03:46.904  INFO AnanthaRajuCdesktop --- [  restartedMain] s.w.s.m.m.a.RequestMappingHandlerMapping : Mapped "{[/api/persons],methods=[POST]}" onto public com.arc.sbtest.model.Person com.arc.sbtest.controller.MScontroller.createPerson(com.arc.sbtest.model.Person)
2018-08-10 09:03:46.904  INFO AnanthaRajuCdesktop --- [  restartedMain] s.w.s.m.m.a.RequestMappingHandlerMapping : Mapped "{[/api/persons/{id}],methods=[DELETE]}" onto public org.springframework.http.ResponseEntity<?> com.arc.sbtest.controller.MScontroller.deletePerson(java.lang.Long)
2018-08-10 09:03:46.904  INFO AnanthaRajuCdesktop --- [  restartedMain] s.w.s.m.m.a.RequestMappingHandlerMapping : Mapped "{[/api/loggers],methods=[GET]}" onto public org.springframework.http.ResponseEntity<java.lang.String> com.arc.sbtest.controller.MScontroller.logMethod()
2018-08-10 09:03:46.904  INFO AnanthaRajuCdesktop --- [  restartedMain] s.w.s.m.m.a.RequestMappingHandlerMapping : Mapped "{[/api/generic-hello],methods=[GET]}" onto public org.springframework.http.ResponseEntity<java.lang.String> com.arc.sbtest.controller.MScontroller.noReqestParameter()
2018-08-10 09:03:46.904  INFO AnanthaRajuCdesktop --- [  restartedMain] s.w.s.m.m.a.RequestMappingHandlerMapping : Mapped "{[/api/personalized-hello],methods=[GET]}" onto public java.lang.String com.arc.sbtest.controller.MScontroller.singleReqestParameter(java.lang.String)
2018-08-10 09:03:46.919  INFO AnanthaRajuCdesktop --- [  restartedMain] s.w.s.m.m.a.RequestMappingHandlerMapping : Mapped "{[/swagger-resources]}" onto public org.springframework.http.ResponseEntity<java.util.List<springfox.documentation.swagger.web.SwaggerResource>> springfox.documentation.swagger.web.ApiResourceController.swaggerResources()
2018-08-10 09:03:46.919  INFO AnanthaRajuCdesktop --- [  restartedMain] s.w.s.m.m.a.RequestMappingHandlerMapping : Mapped "{[/swagger-resources/configuration/ui]}" onto public org.springframework.http.ResponseEntity<springfox.documentation.swagger.web.UiConfiguration> springfox.documentation.swagger.web.ApiResourceController.uiConfiguration()
2018-08-10 09:03:46.919  INFO AnanthaRajuCdesktop --- [  restartedMain] s.w.s.m.m.a.RequestMappingHandlerMapping : Mapped "{[/swagger-resources/configuration/security]}" onto public org.springframework.http.ResponseEntity<springfox.documentation.swagger.web.SecurityConfiguration> springfox.documentation.swagger.web.ApiResourceController.securityConfiguration()
2018-08-10 09:03:46.919  INFO AnanthaRajuCdesktop --- [  restartedMain] s.w.s.m.m.a.RequestMappingHandlerMapping : Mapped "{[/error]}" onto public org.springframework.http.ResponseEntity<java.util.Map<java.lang.String, java.lang.Object>> org.springframework.boot.autoconfigure.web.servlet.error.BasicErrorController.error(javax.servlet.http.HttpServletRequest)
2018-08-10 09:03:46.919  INFO AnanthaRajuCdesktop --- [  restartedMain] s.w.s.m.m.a.RequestMappingHandlerMapping : Mapped "{[/error],produces=[text/html]}" onto public org.springframework.web.servlet.ModelAndView org.springframework.boot.autoconfigure.web.servlet.error.BasicErrorController.errorHtml(javax.servlet.http.HttpServletRequest,javax.servlet.http.HttpServletResponse)
2018-08-10 09:03:47.138  INFO AnanthaRajuCdesktop --- [  restartedMain] o.s.b.a.e.w.EndpointLinksResolver        : Exposing 4 endpoint(s) beneath base path '/actuator'
2018-08-10 09:03:47.169  INFO AnanthaRajuCdesktop --- [  restartedMain] s.b.a.e.w.s.WebMvcEndpointHandlerMapping : Mapped "{[/actuator/health],methods=[GET],produces=[application/vnd.spring-boot.actuator.v2+json || application/json]}" onto public java.lang.Object org.springframework.boot.actuate.endpoint.web.servlet.AbstractWebMvcEndpointHandlerMapping$OperationHandler.handle(javax.servlet.http.HttpServletRequest,java.util.Map<java.lang.String, java.lang.String>)
2018-08-10 09:03:47.169  INFO AnanthaRajuCdesktop --- [  restartedMain] s.b.a.e.w.s.WebMvcEndpointHandlerMapping : Mapped "{[/actuator/info],methods=[GET],produces=[application/vnd.spring-boot.actuator.v2+json || application/json]}" onto public java.lang.Object org.springframework.boot.actuate.endpoint.web.servlet.AbstractWebMvcEndpointHandlerMapping$OperationHandler.handle(javax.servlet.http.HttpServletRequest,java.util.Map<java.lang.String, java.lang.String>)
2018-08-10 09:03:47.169  INFO AnanthaRajuCdesktop --- [  restartedMain] s.b.a.e.w.s.WebMvcEndpointHandlerMapping : Mapped "{[/actuator/prometheus],methods=[GET],produces=[text/plain;version=0.0.4;charset=utf-8]}" onto public java.lang.Object org.springframework.boot.actuate.endpoint.web.servlet.AbstractWebMvcEndpointHandlerMapping$OperationHandler.handle(javax.servlet.http.HttpServletRequest,java.util.Map<java.lang.String, java.lang.String>)
2018-08-10 09:03:47.169  INFO AnanthaRajuCdesktop --- [  restartedMain] s.b.a.e.w.s.WebMvcEndpointHandlerMapping : Mapped "{[/actuator/httptrace],methods=[GET],produces=[application/vnd.spring-boot.actuator.v2+json || application/json]}" onto public java.lang.Object org.springframework.boot.actuate.endpoint.web.servlet.AbstractWebMvcEndpointHandlerMapping$OperationHandler.handle(javax.servlet.http.HttpServletRequest,java.util.Map<java.lang.String, java.lang.String>)
2018-08-10 09:03:47.169  INFO AnanthaRajuCdesktop --- [  restartedMain] s.b.a.e.w.s.WebMvcEndpointHandlerMapping : Mapped "{[/actuator],methods=[GET],produces=[application/vnd.spring-boot.actuator.v2+json || application/json]}" onto protected java.util.Map<java.lang.String, java.util.Map<java.lang.String, org.springframework.boot.actuate.endpoint.web.Link>> org.springframework.boot.actuate.endpoint.web.servlet.WebMvcEndpointHandlerMapping.links(javax.servlet.http.HttpServletRequest,javax.servlet.http.HttpServletResponse)
2018-08-10 09:03:47.451  INFO AnanthaRajuCdesktop --- [  restartedMain] pertySourcedRequestMappingHandlerMapping : Mapped URL path [/v2/api-docs] onto method [public org.springframework.http.ResponseEntity<springfox.documentation.spring.web.json.Json> springfox.documentation.swagger2.web.Swagger2Controller.getDocumentation(java.lang.String,javax.servlet.http.HttpServletRequest)]
2018-08-10 09:03:47.622  INFO AnanthaRajuCdesktop --- [  restartedMain] o.s.w.s.h.SimpleUrlHandlerMapping        : Mapped URL path [/**/favicon.ico] onto handler of type [class org.springframework.web.servlet.resource.ResourceHttpRequestHandler]
2018-08-10 09:03:47.951  INFO AnanthaRajuCdesktop --- [  restartedMain] s.w.s.m.m.a.RequestMappingHandlerAdapter : Looking for @ControllerAdvice: org.springframework.boot.web.servlet.context.AnnotationConfigServletWebServerApplicationContext@6f5c9a09: startup date [Fri Aug 10 09:03:35 IST 2018]; root of context hierarchy
2018-08-10 09:03:48.034  INFO AnanthaRajuCdesktop --- [  restartedMain] o.s.w.s.h.SimpleUrlHandlerMapping        : Mapped URL path [/webjars/**] onto handler of type [class org.springframework.web.servlet.resource.ResourceHttpRequestHandler]
2018-08-10 09:03:48.034  INFO AnanthaRajuCdesktop --- [  restartedMain] o.s.w.s.h.SimpleUrlHandlerMapping        : Mapped URL path [/**] onto handler of type [class org.springframework.web.servlet.resource.ResourceHttpRequestHandler]
2018-08-10 09:03:48.190  INFO AnanthaRajuCdesktop --- [  restartedMain] o.s.b.a.w.s.WelcomePageHandlerMapping    : Adding welcome page: class path resource [static/index.html]
2018-08-10 09:03:48.831  INFO AnanthaRajuCdesktop --- [  restartedMain] o.s.b.d.a.OptionalLiveReloadServer       : LiveReload server is running on port 35729
2018-08-10 09:03:48.925  INFO AnanthaRajuCdesktop --- [  restartedMain] o.s.j.e.a.AnnotationMBeanExporter        : Registering beans for JMX exposure on startup
2018-08-10 09:03:48.925  INFO AnanthaRajuCdesktop --- [  restartedMain] o.s.j.e.a.AnnotationMBeanExporter        : Bean with name 'dataSource' has been autodetected for JMX exposure
2018-08-10 09:03:48.940  INFO AnanthaRajuCdesktop --- [  restartedMain] o.s.j.e.a.AnnotationMBeanExporter        : Located MBean 'dataSource': registering with JMX server as MBean [com.zaxxer.hikari:name=dataSource,type=HikariDataSource]
2018-08-10 09:03:48.956  INFO AnanthaRajuCdesktop --- [  restartedMain] o.s.c.s.DefaultLifecycleProcessor        : Starting beans in phase 2147483647
2018-08-10 09:03:48.965  INFO AnanthaRajuCdesktop --- [  restartedMain] d.s.w.p.DocumentationPluginsBootstrapper : Context refreshed
2018-08-10 09:03:48.998  INFO AnanthaRajuCdesktop --- [  restartedMain] d.s.w.p.DocumentationPluginsBootstrapper : Found 1 custom documentation plugin(s)
2018-08-10 09:03:49.139  INFO AnanthaRajuCdesktop --- [  restartedMain] s.d.s.w.s.ApiListingReferenceScanner     : Scanning for api listing references
2018-08-10 09:03:49.592  INFO AnanthaRajuCdesktop --- [  restartedMain] o.a.c.h.Http11NioProtocol                : Starting ProtocolHandler ["http-nio-8088"]
2018-08-10 09:03:49.623  INFO AnanthaRajuCdesktop --- [  restartedMain] o.a.t.u.n.NioSelectorPool                : Using a shared selector for servlet write/read
2018-08-10 09:03:49.639  INFO AnanthaRajuCdesktop --- [  restartedMain] o.s.b.w.e.t.TomcatWebServer              : Tomcat started on port(s): 8088 (http) with context path ''
2018-08-10 09:03:49.654  INFO AnanthaRajuCdesktop --- [  restartedMain] c.a.s.SBtemplateApplication              : Started SBtemplateApplication in 15.924 seconds (JVM running for 19.028)
2018-08-10 09:06:02.249  INFO AnanthaRajuCdesktop --- [nio-8088-exec-1] o.a.c.c.C.[.[.[/]                        : Initializing Spring FrameworkServlet 'dispatcherServlet'
2018-08-10 09:06:02.249  INFO AnanthaRajuCdesktop --- [nio-8088-exec-1] o.s.w.s.DispatcherServlet                : FrameworkServlet 'dispatcherServlet': initialization started
2018-08-10 09:06:02.349  INFO AnanthaRajuCdesktop --- [nio-8088-exec-1] o.s.w.s.DispatcherServlet                : FrameworkServlet 'dispatcherServlet': initialization completed in 100 ms
2018-08-10 09:07:57.075  INFO AnanthaRajuCdesktop --- [nio-8088-exec-2] o.h.h.i.QueryTranslatorFactoryInitiator  : HHH000397: Using ASTQueryTranslatorFactory
2018-08-10 09:08:56.677  INFO AnanthaRajuCdesktop --- [n(14)-127.0.0.1] inMXBeanRegistrar$SpringApplicationAdmin : Application shutdown requested.
2018-08-10 09:08:56.688  INFO AnanthaRajuCdesktop --- [n(14)-127.0.0.1] ConfigServletWebServerApplicationContext : Closing org.springframework.boot.web.servlet.context.AnnotationConfigServletWebServerApplicationContext@6f5c9a09: startup date [Fri Aug 10 09:03:35 IST 2018]; root of context hierarchy
2018-08-10 09:08:56.690  INFO AnanthaRajuCdesktop --- [n(14)-127.0.0.1] o.s.c.s.DefaultLifecycleProcessor        : Stopping beans in phase 2147483647
2018-08-10 09:08:56.690  INFO AnanthaRajuCdesktop --- [n(14)-127.0.0.1] o.s.j.e.a.AnnotationMBeanExporter        : Unregistering JMX-exposed beans on shutdown
2018-08-10 09:08:56.690  INFO AnanthaRajuCdesktop --- [n(14)-127.0.0.1] o.s.j.e.a.AnnotationMBeanExporter        : Unregistering JMX-exposed beans
2018-08-10 09:08:56.690  INFO AnanthaRajuCdesktop --- [n(14)-127.0.0.1] j.LocalContainerEntityManagerFactoryBean : Closing JPA EntityManagerFactory for persistence unit 'default'
2018-08-10 09:08:56.706  INFO AnanthaRajuCdesktop --- [n(14)-127.0.0.1] c.z.h.HikariDataSource                   : HikariPool-1 - Shutdown initiated...
2018-08-10 09:08:56.722  INFO AnanthaRajuCdesktop --- [n(14)-127.0.0.1] c.z.h.HikariDataSource                   : HikariPool-1 - Shutdown completed.
