2018-08-08 07:24:48.630  INFO AnanthaRajuCdesktop --- [  restartedMain] c.a.s.SBtemplateApplication              : Starting SBtemplateApplication on AnanthaRajuCdesktop with PID 6996 (G:\WS_Eclipse\Framework_Spring_Boot\SBtemplate\target\classes started by Anantha Raju C in G:\WS_Eclipse\Framework_Spring_Boot\SBtemplate)
2018-08-08 07:24:48.746  INFO AnanthaRajuCdesktop --- [  restartedMain] c.a.s.SBtemplateApplication              : The following profiles are active: mvnpackage,mvn package
2018-08-08 07:24:49.094  INFO AnanthaRajuCdesktop --- [  restartedMain] ConfigServletWebServerApplicationContext : Refreshing org.springframework.boot.web.servlet.context.AnnotationConfigServletWebServerApplicationContext@13030a18: startup date [Wed Aug 08 07:24:49 IST 2018]; root of context hierarchy
2018-08-08 07:24:55.264  INFO AnanthaRajuCdesktop --- [  restartedMain] trationDelegate$BeanPostProcessorChecker : Bean 'org.springframework.transaction.annotation.ProxyTransactionManagementConfiguration' of type [org.springframework.transaction.annotation.ProxyTransactionManagementConfiguration$$EnhancerBySpringCGLIB$$4fd10973] is not eligible for getting processed by all BeanPostProcessors (for example: not eligible for auto-proxying)
2018-08-08 07:24:58.604  INFO AnanthaRajuCdesktop --- [  restartedMain] o.s.b.w.e.t.TomcatWebServer              : Tomcat initialized with port(s): 8088 (http)
2018-08-08 07:24:58.670  INFO AnanthaRajuCdesktop --- [  restartedMain] o.a.c.h.Http11NioProtocol                : Initializing ProtocolHandler ["http-nio-8088"]
2018-08-08 07:24:58.754  INFO AnanthaRajuCdesktop --- [  restartedMain] o.a.c.c.StandardService                  : Starting service [Tomcat]
2018-08-08 07:24:58.754  INFO AnanthaRajuCdesktop --- [  restartedMain] o.a.c.c.StandardEngine                   : Starting Servlet Engine: Apache Tomcat/8.5.32
2018-08-08 07:24:58.798  INFO AnanthaRajuCdesktop --- [ost-startStop-1] o.a.c.c.AprLifecycleListener             : The APR based Apache Tomcat Native library which allows optimal performance in production environments was not found on the java.library.path: [C:\Program Files\Java\jdk1.8.0_112\bin;C:\WINDOWS\Sun\Java\bin;C:\WINDOWS\system32;C:\WINDOWS;C:/Program Files/Java/jre1.8.0_112/bin/server;C:/Program Files/Java/jre1.8.0_112/bin;C:/Program Files/Java/jre1.8.0_112/lib/amd64;C:\ProgramData\Oracle\Java\javapath;E:\Oracle12c_SE_64-Bit\oracleClient\app\product\11.2.0\client_1\bin;E:\Oracle12c_SE_64-Bit\app\product\12.1.0\dbhome_1\bin;C:\Program Files (x86)\Intel\iCLS Client\;C:\Program Files\Intel\iCLS Client\;C:\WINDOWS\system32;C:\WINDOWS;C:\WINDOWS\System32\Wbem;C:\WINDOWS\System32\WindowsPowerShell\v1.0\;C:\Program Files (x86)\Intel\Intel(R) Management Engine Components\DAL;C:\Program Files\Intel\Intel(R) Management Engine Components\DAL;C:\Program Files (x86)\Intel\Intel(R) Management Engine Components\IPT;C:\Program Files\Intel\Intel(R) Management Engine Components\IPT;C:\Program Files (x86)\Skype\Phone\;C:\Program Files\Java\jdk1.8.0_112\bin;C:\Program Files\Git\cmd;C:\code_2018\apache-maven-3.5.2\bin;C:\Program Files\MySQL\MySQL Utilities 1.6\;C:\Program Files\dotnet\;C:\Mule\bin;C:\Program Files\nodejs\;C:\Program Files (x86)\Yarn\bin\;C:\Program Files\CMake\bin;C:\code_2018\apache-activemq-5.14.3\bin\win64;C:\Program Files (x86)\scala\bin;C:\code_2018\spark-2.3.0-bin-hadoop2.7\bin;C:\code_2018\gradle-4.6\bin;C:\Program Files (x86)\sbt\bin;C:\code_2018\curl-7.59.0\src;C:\code_2018\hadoop-2.7.3\bin;;C:\WINDOWS\System32\OpenSSH\;C:\Program Files\Calibre2\;C:\Program Files\Microsoft VS Code\bin;C:\Users\Anantha Raju C\AppData\Local\Microsoft\WindowsApps;;C:\Program Files\Docker Toolbox;C:\Users\Anantha Raju C\AppData\Roaming\npm;C:\Users\Anantha Raju C\AppData\Local\Yarn\bin;C:\Program Files\Microsoft VS Code\bin;C:\Users\Anantha Raju C\AppData\Local\Programs\Fiddler;%USERPROFILE%\AppData\Local\Microsoft\WindowsApps;C:\Users\Anantha Raju C\Desktop\Development;;.]
2018-08-08 07:24:59.342  INFO AnanthaRajuCdesktop --- [ost-startStop-1] o.a.c.c.C.[.[.[/]                        : Initializing Spring embedded WebApplicationContext
2018-08-08 07:24:59.346  INFO AnanthaRajuCdesktop --- [ost-startStop-1] o.s.w.c.ContextLoader                    : Root WebApplicationContext: initialization completed in 10276 ms
2018-08-08 07:25:02.313  INFO AnanthaRajuCdesktop --- [ost-startStop-1] o.s.b.w.s.FilterRegistrationBean         : Mapping filter: 'characterEncodingFilter' to: [/*]
2018-08-08 07:25:02.317  INFO AnanthaRajuCdesktop --- [ost-startStop-1] o.s.b.w.s.FilterRegistrationBean         : Mapping filter: 'webMvcMetricsFilter' to: [/*]
2018-08-08 07:25:02.318  INFO AnanthaRajuCdesktop --- [ost-startStop-1] o.s.b.w.s.FilterRegistrationBean         : Mapping filter: 'hiddenHttpMethodFilter' to: [/*]
2018-08-08 07:25:02.318  INFO AnanthaRajuCdesktop --- [ost-startStop-1] o.s.b.w.s.FilterRegistrationBean         : Mapping filter: 'httpPutFormContentFilter' to: [/*]
2018-08-08 07:25:02.318  INFO AnanthaRajuCdesktop --- [ost-startStop-1] o.s.b.w.s.FilterRegistrationBean         : Mapping filter: 'requestContextFilter' to: [/*]
2018-08-08 07:25:02.319  INFO AnanthaRajuCdesktop --- [ost-startStop-1] o.s.b.w.s.FilterRegistrationBean         : Mapping filter: 'httpTraceFilter' to: [/*]
2018-08-08 07:25:02.319  INFO AnanthaRajuCdesktop --- [ost-startStop-1] o.s.b.w.s.ServletRegistrationBean        : Servlet dispatcherServlet mapped to [/]
2018-08-08 07:25:02.815  INFO AnanthaRajuCdesktop --- [  restartedMain] c.z.h.HikariDataSource                   : HikariPool-1 - Starting...
2018-08-08 07:25:03.442  INFO AnanthaRajuCdesktop --- [  restartedMain] c.z.h.HikariDataSource                   : HikariPool-1 - Start completed.
2018-08-08 07:25:03.560  INFO AnanthaRajuCdesktop --- [  restartedMain] j.LocalContainerEntityManagerFactoryBean : Building JPA container EntityManagerFactory for persistence unit 'default'
2018-08-08 07:25:03.620  INFO AnanthaRajuCdesktop --- [  restartedMain] o.h.j.i.u.LogHelper                      : HHH000204: Processing PersistenceUnitInfo [
	name: default
	...]
2018-08-08 07:25:03.880  INFO AnanthaRajuCdesktop --- [  restartedMain] o.h.Version                              : HHH000412: Hibernate Core {5.2.17.Final}
2018-08-08 07:25:03.884  INFO AnanthaRajuCdesktop --- [  restartedMain] o.h.c.Environment                        : HHH000206: hibernate.properties not found
2018-08-08 07:25:04.060  INFO AnanthaRajuCdesktop --- [  restartedMain] o.h.a.c.Version                          : HCANN000001: Hibernate Commons Annotations {5.0.1.Final}
2018-08-08 07:25:04.392  INFO AnanthaRajuCdesktop --- [  restartedMain] o.h.d.Dialect                            : HHH000400: Using dialect: org.hibernate.dialect.MySQL5InnoDBDialect
2018-08-08 07:25:05.983  INFO AnanthaRajuCdesktop --- [  restartedMain] j.LocalContainerEntityManagerFactoryBean : Initialized JPA EntityManagerFactory for persistence unit 'default'
2018-08-08 07:25:07.283  INFO AnanthaRajuCdesktop --- [  restartedMain] o.s.w.s.h.SimpleUrlHandlerMapping        : Mapped URL path [/**/favicon.ico] onto handler of type [class org.springframework.web.servlet.resource.ResourceHttpRequestHandler]
2018-08-08 07:25:08.046  INFO AnanthaRajuCdesktop --- [  restartedMain] s.w.s.m.m.a.RequestMappingHandlerAdapter : Looking for @ControllerAdvice: org.springframework.boot.web.servlet.context.AnnotationConfigServletWebServerApplicationContext@13030a18: startup date [Wed Aug 08 07:24:49 IST 2018]; root of context hierarchy
2018-08-08 07:25:08.162  WARN AnanthaRajuCdesktop --- [  restartedMain] aWebConfiguration$JpaWebMvcConfiguration : spring.jpa.open-in-view is enabled by default. Therefore, database queries may be performed during view rendering. Explicitly configure spring.jpa.open-in-view to disable this warning
2018-08-08 07:25:08.270  INFO AnanthaRajuCdesktop --- [  restartedMain] s.w.s.m.m.a.RequestMappingHandlerMapping : Mapped "{[/api/personalized-hello],methods=[GET]}" onto public java.lang.String com.arc.sbtest.controller.MScontroller.singleReqestParameter(java.lang.String)
2018-08-08 07:25:08.274  INFO AnanthaRajuCdesktop --- [  restartedMain] s.w.s.m.m.a.RequestMappingHandlerMapping : Mapped "{[/api/generic-hello],methods=[GET]}" onto public org.springframework.http.ResponseEntity<java.lang.String> com.arc.sbtest.controller.MScontroller.noReqestParameter()
2018-08-08 07:25:08.274  INFO AnanthaRajuCdesktop --- [  restartedMain] s.w.s.m.m.a.RequestMappingHandlerMapping : Mapped "{[/api/Persons],methods=[GET]}" onto public java.util.List<com.arc.sbtest.model.Person> com.arc.sbtest.controller.MScontroller.getAllPersons()
2018-08-08 07:25:08.278  INFO AnanthaRajuCdesktop --- [  restartedMain] s.w.s.m.m.a.RequestMappingHandlerMapping : Mapped "{[/api/loggers],methods=[GET]}" onto public org.springframework.http.ResponseEntity<java.lang.String> com.arc.sbtest.controller.MScontroller.logMethod()
2018-08-08 07:25:08.278  INFO AnanthaRajuCdesktop --- [  restartedMain] s.w.s.m.m.a.RequestMappingHandlerMapping : Mapped "{[/api/Persons],methods=[POST]}" onto public com.arc.sbtest.model.Person com.arc.sbtest.controller.MScontroller.createPerson(com.arc.sbtest.model.Person)
2018-08-08 07:25:08.282  INFO AnanthaRajuCdesktop --- [  restartedMain] s.w.s.m.m.a.RequestMappingHandlerMapping : Mapped "{[/error]}" onto public org.springframework.http.ResponseEntity<java.util.Map<java.lang.String, java.lang.Object>> org.springframework.boot.autoconfigure.web.servlet.error.BasicErrorController.error(javax.servlet.http.HttpServletRequest)
2018-08-08 07:25:08.282  INFO AnanthaRajuCdesktop --- [  restartedMain] s.w.s.m.m.a.RequestMappingHandlerMapping : Mapped "{[/error],produces=[text/html]}" onto public org.springframework.web.servlet.ModelAndView org.springframework.boot.autoconfigure.web.servlet.error.BasicErrorController.errorHtml(javax.servlet.http.HttpServletRequest,javax.servlet.http.HttpServletResponse)
2018-08-08 07:25:08.385  INFO AnanthaRajuCdesktop --- [  restartedMain] o.s.w.s.h.SimpleUrlHandlerMapping        : Mapped URL path [/webjars/**] onto handler of type [class org.springframework.web.servlet.resource.ResourceHttpRequestHandler]
2018-08-08 07:25:08.385  INFO AnanthaRajuCdesktop --- [  restartedMain] o.s.w.s.h.SimpleUrlHandlerMapping        : Mapped URL path [/**] onto handler of type [class org.springframework.web.servlet.resource.ResourceHttpRequestHandler]
2018-08-08 07:25:08.537  INFO AnanthaRajuCdesktop --- [  restartedMain] o.s.b.a.w.s.WelcomePageHandlerMapping    : Adding welcome page: class path resource [static/index.html]
2018-08-08 07:25:09.630  INFO AnanthaRajuCdesktop --- [  restartedMain] o.s.b.d.a.OptionalLiveReloadServer       : LiveReload server is running on port 35729
2018-08-08 07:25:09.675  INFO AnanthaRajuCdesktop --- [  restartedMain] o.s.b.a.e.w.EndpointLinksResolver        : Exposing 3 endpoint(s) beneath base path '/actuator'
2018-08-08 07:25:09.707  INFO AnanthaRajuCdesktop --- [  restartedMain] s.b.a.e.w.s.WebMvcEndpointHandlerMapping : Mapped "{[/actuator/health],methods=[GET],produces=[application/vnd.spring-boot.actuator.v2+json || application/json]}" onto public java.lang.Object org.springframework.boot.actuate.endpoint.web.servlet.AbstractWebMvcEndpointHandlerMapping$OperationHandler.handle(javax.servlet.http.HttpServletRequest,java.util.Map<java.lang.String, java.lang.String>)
2018-08-08 07:25:09.707  INFO AnanthaRajuCdesktop --- [  restartedMain] s.b.a.e.w.s.WebMvcEndpointHandlerMapping : Mapped "{[/actuator/info],methods=[GET],produces=[application/vnd.spring-boot.actuator.v2+json || application/json]}" onto public java.lang.Object org.springframework.boot.actuate.endpoint.web.servlet.AbstractWebMvcEndpointHandlerMapping$OperationHandler.handle(javax.servlet.http.HttpServletRequest,java.util.Map<java.lang.String, java.lang.String>)
2018-08-08 07:25:09.707  INFO AnanthaRajuCdesktop --- [  restartedMain] s.b.a.e.w.s.WebMvcEndpointHandlerMapping : Mapped "{[/actuator/httptrace],methods=[GET],produces=[application/vnd.spring-boot.actuator.v2+json || application/json]}" onto public java.lang.Object org.springframework.boot.actuate.endpoint.web.servlet.AbstractWebMvcEndpointHandlerMapping$OperationHandler.handle(javax.servlet.http.HttpServletRequest,java.util.Map<java.lang.String, java.lang.String>)
2018-08-08 07:25:09.711  INFO AnanthaRajuCdesktop --- [  restartedMain] s.b.a.e.w.s.WebMvcEndpointHandlerMapping : Mapped "{[/actuator],methods=[GET],produces=[application/vnd.spring-boot.actuator.v2+json || application/json]}" onto protected java.util.Map<java.lang.String, java.util.Map<java.lang.String, org.springframework.boot.actuate.endpoint.web.Link>> org.springframework.boot.actuate.endpoint.web.servlet.WebMvcEndpointHandlerMapping.links(javax.servlet.http.HttpServletRequest,javax.servlet.http.HttpServletResponse)
2018-08-08 07:25:09.924  INFO AnanthaRajuCdesktop --- [  restartedMain] o.s.j.e.a.AnnotationMBeanExporter        : Registering beans for JMX exposure on startup
2018-08-08 07:25:09.924  INFO AnanthaRajuCdesktop --- [  restartedMain] o.s.j.e.a.AnnotationMBeanExporter        : Bean with name 'dataSource' has been autodetected for JMX exposure
2018-08-08 07:25:09.952  INFO AnanthaRajuCdesktop --- [  restartedMain] o.s.j.e.a.AnnotationMBeanExporter        : Located MBean 'dataSource': registering with JMX server as MBean [com.zaxxer.hikari:name=dataSource,type=HikariDataSource]
2018-08-08 07:25:09.996  INFO AnanthaRajuCdesktop --- [  restartedMain] o.a.c.h.Http11NioProtocol                : Starting ProtocolHandler ["http-nio-8088"]
2018-08-08 07:25:10.144  INFO AnanthaRajuCdesktop --- [  restartedMain] o.a.t.u.n.NioSelectorPool                : Using a shared selector for servlet write/read
2018-08-08 07:25:10.224  INFO AnanthaRajuCdesktop --- [  restartedMain] o.s.b.w.e.t.TomcatWebServer              : Tomcat started on port(s): 8088 (http) with context path ''
2018-08-08 07:25:10.240  INFO AnanthaRajuCdesktop --- [  restartedMain] c.a.s.SBtemplateApplication              : Started SBtemplateApplication in 24.056 seconds (JVM running for 33.074)
2018-08-08 07:25:59.054  INFO AnanthaRajuCdesktop --- [nio-8088-exec-9] o.a.c.c.C.[.[.[/]                        : Initializing Spring FrameworkServlet 'dispatcherServlet'
2018-08-08 07:25:59.054  INFO AnanthaRajuCdesktop --- [nio-8088-exec-9] o.s.w.s.DispatcherServlet                : FrameworkServlet 'dispatcherServlet': initialization started
2018-08-08 07:25:59.142  INFO AnanthaRajuCdesktop --- [nio-8088-exec-9] o.s.w.s.DispatcherServlet                : FrameworkServlet 'dispatcherServlet': initialization completed in 88 ms
2018-08-08 07:25:59.522  INFO AnanthaRajuCdesktop --- [nio-8088-exec-9] o.h.h.i.QueryTranslatorFactoryInitiator  : HHH000397: Using ASTQueryTranslatorFactory
2018-08-08 07:27:40.976  INFO AnanthaRajuCdesktop --- [nio-8088-exec-5] c.a.s.c.MScontroller                     : Info log
2018-08-08 07:27:40.976  WARN AnanthaRajuCdesktop --- [nio-8088-exec-5] c.a.s.c.MScontroller                     : Hey, This is a warning!
2018-08-08 07:27:40.976 ERROR AnanthaRajuCdesktop --- [nio-8088-exec-5] c.a.s.c.MScontroller                     : Oops! We have an Error. OK
2018-08-08 07:27:40.976 FATAL AnanthaRajuCdesktop --- [nio-8088-exec-5] c.a.s.c.MScontroller                     : Damn! Fatal error. Please fix me.
2018-08-08 07:31:11.631  INFO AnanthaRajuCdesktop --- [n(17)-127.0.0.1] inMXBeanRegistrar$SpringApplicationAdmin : Application shutdown requested.
2018-08-08 07:31:11.631  INFO AnanthaRajuCdesktop --- [n(17)-127.0.0.1] ConfigServletWebServerApplicationContext : Closing org.springframework.boot.web.servlet.context.AnnotationConfigServletWebServerApplicationContext@13030a18: startup date [Wed Aug 08 07:24:49 IST 2018]; root of context hierarchy
2018-08-08 07:31:11.645  INFO AnanthaRajuCdesktop --- [n(17)-127.0.0.1] o.s.j.e.a.AnnotationMBeanExporter        : Unregistering JMX-exposed beans on shutdown
2018-08-08 07:31:11.645  INFO AnanthaRajuCdesktop --- [n(17)-127.0.0.1] o.s.j.e.a.AnnotationMBeanExporter        : Unregistering JMX-exposed beans
2018-08-08 07:31:11.649  INFO AnanthaRajuCdesktop --- [n(17)-127.0.0.1] j.LocalContainerEntityManagerFactoryBean : Closing JPA EntityManagerFactory for persistence unit 'default'
2018-08-08 07:31:11.653  INFO AnanthaRajuCdesktop --- [n(17)-127.0.0.1] c.z.h.HikariDataSource                   : HikariPool-1 - Shutdown initiated...
2018-08-08 07:31:11.673  INFO AnanthaRajuCdesktop --- [n(17)-127.0.0.1] c.z.h.HikariDataSource                   : HikariPool-1 - Shutdown completed.
2018-08-08 07:53:12.235  INFO AnanthaRajuCdesktop --- [  restartedMain] c.a.s.SBtemplateApplication              : Starting SBtemplateApplication on AnanthaRajuCdesktop with PID 1220 (G:\WS_Eclipse\Framework_Spring_Boot\SBtemplate\target\classes started by Anantha Raju C in G:\WS_Eclipse\Framework_Spring_Boot\SBtemplate)
2018-08-08 07:53:12.255  INFO AnanthaRajuCdesktop --- [  restartedMain] c.a.s.SBtemplateApplication              : The following profiles are active: mvnpackage,mvn package
2018-08-08 07:53:12.527  INFO AnanthaRajuCdesktop --- [  restartedMain] ConfigServletWebServerApplicationContext : Refreshing org.springframework.boot.web.servlet.context.AnnotationConfigServletWebServerApplicationContext@22f08921: startup date [Wed Aug 08 07:53:12 IST 2018]; root of context hierarchy
2018-08-08 07:53:16.013  INFO AnanthaRajuCdesktop --- [  restartedMain] trationDelegate$BeanPostProcessorChecker : Bean 'org.springframework.transaction.annotation.ProxyTransactionManagementConfiguration' of type [org.springframework.transaction.annotation.ProxyTransactionManagementConfiguration$$EnhancerBySpringCGLIB$$f8b577e] is not eligible for getting processed by all BeanPostProcessors (for example: not eligible for auto-proxying)
2018-08-08 07:53:16.982  INFO AnanthaRajuCdesktop --- [  restartedMain] o.s.b.w.e.t.TomcatWebServer              : Tomcat initialized with port(s): 8088 (http)
2018-08-08 07:53:17.013  INFO AnanthaRajuCdesktop --- [  restartedMain] o.a.c.h.Http11NioProtocol                : Initializing ProtocolHandler ["http-nio-8088"]
2018-08-08 07:53:17.029  INFO AnanthaRajuCdesktop --- [  restartedMain] o.a.c.c.StandardService                  : Starting service [Tomcat]
2018-08-08 07:53:17.052  INFO AnanthaRajuCdesktop --- [  restartedMain] o.a.c.c.StandardEngine                   : Starting Servlet Engine: Apache Tomcat/8.5.32
2018-08-08 07:53:17.052  INFO AnanthaRajuCdesktop --- [ost-startStop-1] o.a.c.c.AprLifecycleListener             : The APR based Apache Tomcat Native library which allows optimal performance in production environments was not found on the java.library.path: [C:\Program Files\Java\jdk1.8.0_112\bin;C:\WINDOWS\Sun\Java\bin;C:\WINDOWS\system32;C:\WINDOWS;C:/Program Files/Java/jre1.8.0_112/bin/server;C:/Program Files/Java/jre1.8.0_112/bin;C:/Program Files/Java/jre1.8.0_112/lib/amd64;C:\ProgramData\Oracle\Java\javapath;E:\Oracle12c_SE_64-Bit\oracleClient\app\product\11.2.0\client_1\bin;E:\Oracle12c_SE_64-Bit\app\product\12.1.0\dbhome_1\bin;C:\Program Files (x86)\Intel\iCLS Client\;C:\Program Files\Intel\iCLS Client\;C:\WINDOWS\system32;C:\WINDOWS;C:\WINDOWS\System32\Wbem;C:\WINDOWS\System32\WindowsPowerShell\v1.0\;C:\Program Files (x86)\Intel\Intel(R) Management Engine Components\DAL;C:\Program Files\Intel\Intel(R) Management Engine Components\DAL;C:\Program Files (x86)\Intel\Intel(R) Management Engine Components\IPT;C:\Program Files\Intel\Intel(R) Management Engine Components\IPT;C:\Program Files (x86)\Skype\Phone\;C:\Program Files\Java\jdk1.8.0_112\bin;C:\Program Files\Git\cmd;C:\code_2018\apache-maven-3.5.2\bin;C:\Program Files\MySQL\MySQL Utilities 1.6\;C:\Program Files\dotnet\;C:\Mule\bin;C:\Program Files\nodejs\;C:\Program Files (x86)\Yarn\bin\;C:\Program Files\CMake\bin;C:\code_2018\apache-activemq-5.14.3\bin\win64;C:\Program Files (x86)\scala\bin;C:\code_2018\spark-2.3.0-bin-hadoop2.7\bin;C:\code_2018\gradle-4.6\bin;C:\Program Files (x86)\sbt\bin;C:\code_2018\curl-7.59.0\src;C:\code_2018\hadoop-2.7.3\bin;;C:\WINDOWS\System32\OpenSSH\;C:\Program Files\Calibre2\;C:\Program Files\Microsoft VS Code\bin;C:\Users\Anantha Raju C\AppData\Local\Microsoft\WindowsApps;;C:\Program Files\Docker Toolbox;C:\Users\Anantha Raju C\AppData\Roaming\npm;C:\Users\Anantha Raju C\AppData\Local\Yarn\bin;C:\Program Files\Microsoft VS Code\bin;C:\Users\Anantha Raju C\AppData\Local\Programs\Fiddler;%USERPROFILE%\AppData\Local\Microsoft\WindowsApps;C:\Users\Anantha Raju C\Desktop\Development;;.]
2018-08-08 07:53:17.295  INFO AnanthaRajuCdesktop --- [ost-startStop-1] o.a.c.c.C.[.[.[/]                        : Initializing Spring embedded WebApplicationContext
2018-08-08 07:53:17.295  INFO AnanthaRajuCdesktop --- [ost-startStop-1] o.s.w.c.ContextLoader                    : Root WebApplicationContext: initialization completed in 4772 ms
2018-08-08 07:53:19.129  INFO AnanthaRajuCdesktop --- [ost-startStop-1] o.s.b.w.s.FilterRegistrationBean         : Mapping filter: 'characterEncodingFilter' to: [/*]
2018-08-08 07:53:19.129  INFO AnanthaRajuCdesktop --- [ost-startStop-1] o.s.b.w.s.FilterRegistrationBean         : Mapping filter: 'webMvcMetricsFilter' to: [/*]
2018-08-08 07:53:19.129  INFO AnanthaRajuCdesktop --- [ost-startStop-1] o.s.b.w.s.FilterRegistrationBean         : Mapping filter: 'hiddenHttpMethodFilter' to: [/*]
2018-08-08 07:53:19.131  INFO AnanthaRajuCdesktop --- [ost-startStop-1] o.s.b.w.s.FilterRegistrationBean         : Mapping filter: 'httpPutFormContentFilter' to: [/*]
2018-08-08 07:53:19.131  INFO AnanthaRajuCdesktop --- [ost-startStop-1] o.s.b.w.s.FilterRegistrationBean         : Mapping filter: 'requestContextFilter' to: [/*]
2018-08-08 07:53:19.131  INFO AnanthaRajuCdesktop --- [ost-startStop-1] o.s.b.w.s.FilterRegistrationBean         : Mapping filter: 'httpTraceFilter' to: [/*]
2018-08-08 07:53:19.131  INFO AnanthaRajuCdesktop --- [ost-startStop-1] o.s.b.w.s.ServletRegistrationBean        : Servlet dispatcherServlet mapped to [/]
2018-08-08 07:53:19.310  INFO AnanthaRajuCdesktop --- [  restartedMain] c.z.h.HikariDataSource                   : HikariPool-1 - Starting...
2018-08-08 07:53:19.659  INFO AnanthaRajuCdesktop --- [  restartedMain] c.z.h.HikariDataSource                   : HikariPool-1 - Start completed.
2018-08-08 07:53:19.731  INFO AnanthaRajuCdesktop --- [  restartedMain] j.LocalContainerEntityManagerFactoryBean : Building JPA container EntityManagerFactory for persistence unit 'default'
2018-08-08 07:53:19.751  INFO AnanthaRajuCdesktop --- [  restartedMain] o.h.j.i.u.LogHelper                      : HHH000204: Processing PersistenceUnitInfo [
	name: default
	...]
2018-08-08 07:53:19.948  INFO AnanthaRajuCdesktop --- [  restartedMain] o.h.Version                              : HHH000412: Hibernate Core {5.2.17.Final}
2018-08-08 07:53:19.948  INFO AnanthaRajuCdesktop --- [  restartedMain] o.h.c.Environment                        : HHH000206: hibernate.properties not found
2018-08-08 07:53:20.026  INFO AnanthaRajuCdesktop --- [  restartedMain] o.h.a.c.Version                          : HCANN000001: Hibernate Commons Annotations {5.0.1.Final}
2018-08-08 07:53:20.236  INFO AnanthaRajuCdesktop --- [  restartedMain] o.h.d.Dialect                            : HHH000400: Using dialect: org.hibernate.dialect.MySQL5InnoDBDialect
2018-08-08 07:53:21.477  INFO AnanthaRajuCdesktop --- [  restartedMain] j.LocalContainerEntityManagerFactoryBean : Initialized JPA EntityManagerFactory for persistence unit 'default'
2018-08-08 07:53:22.074  INFO AnanthaRajuCdesktop --- [  restartedMain] o.s.w.s.h.SimpleUrlHandlerMapping        : Mapped URL path [/**/favicon.ico] onto handler of type [class org.springframework.web.servlet.resource.ResourceHttpRequestHandler]
2018-08-08 07:53:22.591  INFO AnanthaRajuCdesktop --- [  restartedMain] s.w.s.m.m.a.RequestMappingHandlerAdapter : Looking for @ControllerAdvice: org.springframework.boot.web.servlet.context.AnnotationConfigServletWebServerApplicationContext@22f08921: startup date [Wed Aug 08 07:53:12 IST 2018]; root of context hierarchy
2018-08-08 07:53:22.659  WARN AnanthaRajuCdesktop --- [  restartedMain] aWebConfiguration$JpaWebMvcConfiguration : spring.jpa.open-in-view is enabled by default. Therefore, database queries may be performed during view rendering. Explicitly configure spring.jpa.open-in-view to disable this warning
2018-08-08 07:53:22.755  INFO AnanthaRajuCdesktop --- [  restartedMain] s.w.s.m.m.a.RequestMappingHandlerMapping : Mapped "{[/api/loggers],methods=[GET]}" onto public org.springframework.http.ResponseEntity<java.lang.String> com.arc.sbtest.controller.MScontroller.logMethod()
2018-08-08 07:53:22.759  INFO AnanthaRajuCdesktop --- [  restartedMain] s.w.s.m.m.a.RequestMappingHandlerMapping : Mapped "{[/api/persons],methods=[POST]}" onto public com.arc.sbtest.model.Person com.arc.sbtest.controller.MScontroller.createPerson(com.arc.sbtest.model.Person)
2018-08-08 07:53:22.759  INFO AnanthaRajuCdesktop --- [  restartedMain] s.w.s.m.m.a.RequestMappingHandlerMapping : Mapped "{[/api/persons],methods=[GET]}" onto public java.util.List<com.arc.sbtest.model.Person> com.arc.sbtest.controller.MScontroller.getAllPersons()
2018-08-08 07:53:22.763  INFO AnanthaRajuCdesktop --- [  restartedMain] s.w.s.m.m.a.RequestMappingHandlerMapping : Mapped "{[/api/persons/{id}],methods=[GET]}" onto public java.util.Optional<com.arc.sbtest.model.Person> com.arc.sbtest.controller.MScontroller.getPersonById(java.lang.Long)
2018-08-08 07:53:22.763  INFO AnanthaRajuCdesktop --- [  restartedMain] s.w.s.m.m.a.RequestMappingHandlerMapping : Mapped "{[/api/generic-hello],methods=[GET]}" onto public org.springframework.http.ResponseEntity<java.lang.String> com.arc.sbtest.controller.MScontroller.noReqestParameter()
2018-08-08 07:53:22.763  INFO AnanthaRajuCdesktop --- [  restartedMain] s.w.s.m.m.a.RequestMappingHandlerMapping : Mapped "{[/api/personalized-hello],methods=[GET]}" onto public java.lang.String com.arc.sbtest.controller.MScontroller.singleReqestParameter(java.lang.String)
2018-08-08 07:53:22.767  INFO AnanthaRajuCdesktop --- [  restartedMain] s.w.s.m.m.a.RequestMappingHandlerMapping : Mapped "{[/error]}" onto public org.springframework.http.ResponseEntity<java.util.Map<java.lang.String, java.lang.Object>> org.springframework.boot.autoconfigure.web.servlet.error.BasicErrorController.error(javax.servlet.http.HttpServletRequest)
2018-08-08 07:53:22.767  INFO AnanthaRajuCdesktop --- [  restartedMain] s.w.s.m.m.a.RequestMappingHandlerMapping : Mapped "{[/error],produces=[text/html]}" onto public org.springframework.web.servlet.ModelAndView org.springframework.boot.autoconfigure.web.servlet.error.BasicErrorController.errorHtml(javax.servlet.http.HttpServletRequest,javax.servlet.http.HttpServletResponse)
2018-08-08 07:53:22.828  INFO AnanthaRajuCdesktop --- [  restartedMain] o.s.w.s.h.SimpleUrlHandlerMapping        : Mapped URL path [/webjars/**] onto handler of type [class org.springframework.web.servlet.resource.ResourceHttpRequestHandler]
2018-08-08 07:53:22.828  INFO AnanthaRajuCdesktop --- [  restartedMain] o.s.w.s.h.SimpleUrlHandlerMapping        : Mapped URL path [/**] onto handler of type [class org.springframework.web.servlet.resource.ResourceHttpRequestHandler]
2018-08-08 07:53:22.937  INFO AnanthaRajuCdesktop --- [  restartedMain] o.s.b.a.w.s.WelcomePageHandlerMapping    : Adding welcome page: class path resource [static/index.html]
2018-08-08 07:53:23.686  INFO AnanthaRajuCdesktop --- [  restartedMain] o.s.b.d.a.OptionalLiveReloadServer       : LiveReload server is running on port 35729
2018-08-08 07:53:23.709  INFO AnanthaRajuCdesktop --- [  restartedMain] o.s.b.a.e.w.EndpointLinksResolver        : Exposing 3 endpoint(s) beneath base path '/actuator'
2018-08-08 07:53:23.729  INFO AnanthaRajuCdesktop --- [  restartedMain] s.b.a.e.w.s.WebMvcEndpointHandlerMapping : Mapped "{[/actuator/health],methods=[GET],produces=[application/vnd.spring-boot.actuator.v2+json || application/json]}" onto public java.lang.Object org.springframework.boot.actuate.endpoint.web.servlet.AbstractWebMvcEndpointHandlerMapping$OperationHandler.handle(javax.servlet.http.HttpServletRequest,java.util.Map<java.lang.String, java.lang.String>)
2018-08-08 07:53:23.733  INFO AnanthaRajuCdesktop --- [  restartedMain] s.b.a.e.w.s.WebMvcEndpointHandlerMapping : Mapped "{[/actuator/info],methods=[GET],produces=[application/vnd.spring-boot.actuator.v2+json || application/json]}" onto public java.lang.Object org.springframework.boot.actuate.endpoint.web.servlet.AbstractWebMvcEndpointHandlerMapping$OperationHandler.handle(javax.servlet.http.HttpServletRequest,java.util.Map<java.lang.String, java.lang.String>)
2018-08-08 07:53:23.733  INFO AnanthaRajuCdesktop --- [  restartedMain] s.b.a.e.w.s.WebMvcEndpointHandlerMapping : Mapped "{[/actuator/httptrace],methods=[GET],produces=[application/vnd.spring-boot.actuator.v2+json || application/json]}" onto public java.lang.Object org.springframework.boot.actuate.endpoint.web.servlet.AbstractWebMvcEndpointHandlerMapping$OperationHandler.handle(javax.servlet.http.HttpServletRequest,java.util.Map<java.lang.String, java.lang.String>)
2018-08-08 07:53:23.733  INFO AnanthaRajuCdesktop --- [  restartedMain] s.b.a.e.w.s.WebMvcEndpointHandlerMapping : Mapped "{[/actuator],methods=[GET],produces=[application/vnd.spring-boot.actuator.v2+json || application/json]}" onto protected java.util.Map<java.lang.String, java.util.Map<java.lang.String, org.springframework.boot.actuate.endpoint.web.Link>> org.springframework.boot.actuate.endpoint.web.servlet.WebMvcEndpointHandlerMapping.links(javax.servlet.http.HttpServletRequest,javax.servlet.http.HttpServletResponse)
2018-08-08 07:53:23.825  INFO AnanthaRajuCdesktop --- [  restartedMain] o.s.j.e.a.AnnotationMBeanExporter        : Registering beans for JMX exposure on startup
2018-08-08 07:53:23.825  INFO AnanthaRajuCdesktop --- [  restartedMain] o.s.j.e.a.AnnotationMBeanExporter        : Bean with name 'dataSource' has been autodetected for JMX exposure
2018-08-08 07:53:23.841  INFO AnanthaRajuCdesktop --- [  restartedMain] o.s.j.e.a.AnnotationMBeanExporter        : Located MBean 'dataSource': registering with JMX server as MBean [com.zaxxer.hikari:name=dataSource,type=HikariDataSource]
2018-08-08 07:53:23.888  INFO AnanthaRajuCdesktop --- [  restartedMain] o.a.c.h.Http11NioProtocol                : Starting ProtocolHandler ["http-nio-8088"]
2018-08-08 07:53:23.903  INFO AnanthaRajuCdesktop --- [  restartedMain] o.a.t.u.n.NioSelectorPool                : Using a shared selector for servlet write/read
2018-08-08 07:53:23.935  INFO AnanthaRajuCdesktop --- [  restartedMain] o.s.b.w.e.t.TomcatWebServer              : Tomcat started on port(s): 8088 (http) with context path ''
2018-08-08 07:53:23.935  INFO AnanthaRajuCdesktop --- [  restartedMain] c.a.s.SBtemplateApplication              : Started SBtemplateApplication in 13.389 seconds (JVM running for 17.925)
2018-08-08 07:53:28.603  INFO AnanthaRajuCdesktop --- [nio-8088-exec-2] o.a.c.c.C.[.[.[/]                        : Initializing Spring FrameworkServlet 'dispatcherServlet'
2018-08-08 07:53:28.603  INFO AnanthaRajuCdesktop --- [nio-8088-exec-2] o.s.w.s.DispatcherServlet                : FrameworkServlet 'dispatcherServlet': initialization started
2018-08-08 07:53:28.639  INFO AnanthaRajuCdesktop --- [nio-8088-exec-2] o.s.w.s.DispatcherServlet                : FrameworkServlet 'dispatcherServlet': initialization completed in 36 ms
2018-08-08 07:55:52.695  INFO AnanthaRajuCdesktop --- [n(11)-127.0.0.1] inMXBeanRegistrar$SpringApplicationAdmin : Application shutdown requested.
2018-08-08 07:55:52.696  INFO AnanthaRajuCdesktop --- [n(11)-127.0.0.1] ConfigServletWebServerApplicationContext : Closing org.springframework.boot.web.servlet.context.AnnotationConfigServletWebServerApplicationContext@22f08921: startup date [Wed Aug 08 07:53:12 IST 2018]; root of context hierarchy
2018-08-08 07:55:52.704  INFO AnanthaRajuCdesktop --- [n(11)-127.0.0.1] o.s.j.e.a.AnnotationMBeanExporter        : Unregistering JMX-exposed beans on shutdown
2018-08-08 07:55:52.705  INFO AnanthaRajuCdesktop --- [n(11)-127.0.0.1] o.s.j.e.a.AnnotationMBeanExporter        : Unregistering JMX-exposed beans
2018-08-08 07:55:52.707  INFO AnanthaRajuCdesktop --- [n(11)-127.0.0.1] j.LocalContainerEntityManagerFactoryBean : Closing JPA EntityManagerFactory for persistence unit 'default'
2018-08-08 07:55:52.714  INFO AnanthaRajuCdesktop --- [n(11)-127.0.0.1] c.z.h.HikariDataSource                   : HikariPool-1 - Shutdown initiated...
2018-08-08 07:55:52.729  INFO AnanthaRajuCdesktop --- [n(11)-127.0.0.1] c.z.h.HikariDataSource                   : HikariPool-1 - Shutdown completed.
2018-08-08 08:23:28.263  INFO AnanthaRajuCdesktop --- [  restartedMain] c.a.s.SBtemplateApplication              : Starting SBtemplateApplication on AnanthaRajuCdesktop with PID 8112 (G:\WS_Eclipse\Framework_Spring_Boot\SBtemplate\target\classes started by Anantha Raju C in G:\WS_Eclipse\Framework_Spring_Boot\SBtemplate)
2018-08-08 08:23:28.345  INFO AnanthaRajuCdesktop --- [  restartedMain] c.a.s.SBtemplateApplication              : The following profiles are active: mvnpackage,mvn package
2018-08-08 08:23:28.880  INFO AnanthaRajuCdesktop --- [  restartedMain] ConfigServletWebServerApplicationContext : Refreshing org.springframework.boot.web.servlet.context.AnnotationConfigServletWebServerApplicationContext@531b37c6: startup date [Wed Aug 08 08:23:28 IST 2018]; root of context hierarchy
2018-08-08 08:23:32.770  INFO AnanthaRajuCdesktop --- [  restartedMain] trationDelegate$BeanPostProcessorChecker : Bean 'org.springframework.transaction.annotation.ProxyTransactionManagementConfiguration' of type [org.springframework.transaction.annotation.ProxyTransactionManagementConfiguration$$EnhancerBySpringCGLIB$$176fb48] is not eligible for getting processed by all BeanPostProcessors (for example: not eligible for auto-proxying)
2018-08-08 08:23:33.735  INFO AnanthaRajuCdesktop --- [  restartedMain] o.s.b.w.e.t.TomcatWebServer              : Tomcat initialized with port(s): 8088 (http)
2018-08-08 08:23:33.765  INFO AnanthaRajuCdesktop --- [  restartedMain] o.a.c.h.Http11NioProtocol                : Initializing ProtocolHandler ["http-nio-8088"]
2018-08-08 08:23:33.782  INFO AnanthaRajuCdesktop --- [  restartedMain] o.a.c.c.StandardService                  : Starting service [Tomcat]
2018-08-08 08:23:33.783  INFO AnanthaRajuCdesktop --- [  restartedMain] o.a.c.c.StandardEngine                   : Starting Servlet Engine: Apache Tomcat/8.5.32
2018-08-08 08:23:33.796  INFO AnanthaRajuCdesktop --- [ost-startStop-1] o.a.c.c.AprLifecycleListener             : The APR based Apache Tomcat Native library which allows optimal performance in production environments was not found on the java.library.path: [C:\Program Files\Java\jdk1.8.0_112\bin;C:\WINDOWS\Sun\Java\bin;C:\WINDOWS\system32;C:\WINDOWS;C:/Program Files/Java/jre1.8.0_112/bin/server;C:/Program Files/Java/jre1.8.0_112/bin;C:/Program Files/Java/jre1.8.0_112/lib/amd64;C:\ProgramData\Oracle\Java\javapath;E:\Oracle12c_SE_64-Bit\oracleClient\app\product\11.2.0\client_1\bin;E:\Oracle12c_SE_64-Bit\app\product\12.1.0\dbhome_1\bin;C:\Program Files (x86)\Intel\iCLS Client\;C:\Program Files\Intel\iCLS Client\;C:\WINDOWS\system32;C:\WINDOWS;C:\WINDOWS\System32\Wbem;C:\WINDOWS\System32\WindowsPowerShell\v1.0\;C:\Program Files (x86)\Intel\Intel(R) Management Engine Components\DAL;C:\Program Files\Intel\Intel(R) Management Engine Components\DAL;C:\Program Files (x86)\Intel\Intel(R) Management Engine Components\IPT;C:\Program Files\Intel\Intel(R) Management Engine Components\IPT;C:\Program Files (x86)\Skype\Phone\;C:\Program Files\Java\jdk1.8.0_112\bin;C:\Program Files\Git\cmd;C:\code_2018\apache-maven-3.5.2\bin;C:\Program Files\MySQL\MySQL Utilities 1.6\;C:\Program Files\dotnet\;C:\Mule\bin;C:\Program Files\nodejs\;C:\Program Files (x86)\Yarn\bin\;C:\Program Files\CMake\bin;C:\code_2018\apache-activemq-5.14.3\bin\win64;C:\Program Files (x86)\scala\bin;C:\code_2018\spark-2.3.0-bin-hadoop2.7\bin;C:\code_2018\gradle-4.6\bin;C:\Program Files (x86)\sbt\bin;C:\code_2018\curl-7.59.0\src;C:\code_2018\hadoop-2.7.3\bin;;C:\WINDOWS\System32\OpenSSH\;C:\Program Files\Calibre2\;C:\Program Files\Microsoft VS Code\bin;C:\Users\Anantha Raju C\AppData\Local\Microsoft\WindowsApps;;C:\Program Files\Docker Toolbox;C:\Users\Anantha Raju C\AppData\Roaming\npm;C:\Users\Anantha Raju C\AppData\Local\Yarn\bin;C:\Program Files\Microsoft VS Code\bin;C:\Users\Anantha Raju C\AppData\Local\Programs\Fiddler;%USERPROFILE%\AppData\Local\Microsoft\WindowsApps;C:\Users\Anantha Raju C\Desktop\Development;;.]
2018-08-08 08:23:34.019  INFO AnanthaRajuCdesktop --- [ost-startStop-1] o.a.c.c.C.[.[.[/]                        : Initializing Spring embedded WebApplicationContext
2018-08-08 08:23:34.019  INFO AnanthaRajuCdesktop --- [ost-startStop-1] o.s.w.c.ContextLoader                    : Root WebApplicationContext: initialization completed in 5144 ms
2018-08-08 08:23:35.798  INFO AnanthaRajuCdesktop --- [ost-startStop-1] o.s.b.w.s.FilterRegistrationBean         : Mapping filter: 'characterEncodingFilter' to: [/*]
2018-08-08 08:23:35.811  INFO AnanthaRajuCdesktop --- [ost-startStop-1] o.s.b.w.s.FilterRegistrationBean         : Mapping filter: 'webMvcMetricsFilter' to: [/*]
2018-08-08 08:23:35.812  INFO AnanthaRajuCdesktop --- [ost-startStop-1] o.s.b.w.s.FilterRegistrationBean         : Mapping filter: 'hiddenHttpMethodFilter' to: [/*]
2018-08-08 08:23:35.812  INFO AnanthaRajuCdesktop --- [ost-startStop-1] o.s.b.w.s.FilterRegistrationBean         : Mapping filter: 'httpPutFormContentFilter' to: [/*]
2018-08-08 08:23:35.812  INFO AnanthaRajuCdesktop --- [ost-startStop-1] o.s.b.w.s.FilterRegistrationBean         : Mapping filter: 'requestContextFilter' to: [/*]
2018-08-08 08:23:35.812  INFO AnanthaRajuCdesktop --- [ost-startStop-1] o.s.b.w.s.FilterRegistrationBean         : Mapping filter: 'httpTraceFilter' to: [/*]
2018-08-08 08:23:35.813  INFO AnanthaRajuCdesktop --- [ost-startStop-1] o.s.b.w.s.ServletRegistrationBean        : Servlet dispatcherServlet mapped to [/]
2018-08-08 08:23:36.008  INFO AnanthaRajuCdesktop --- [  restartedMain] c.z.h.HikariDataSource                   : HikariPool-1 - Starting...
2018-08-08 08:23:36.343  INFO AnanthaRajuCdesktop --- [  restartedMain] c.z.h.HikariDataSource                   : HikariPool-1 - Start completed.
2018-08-08 08:23:36.406  INFO AnanthaRajuCdesktop --- [  restartedMain] j.LocalContainerEntityManagerFactoryBean : Building JPA container EntityManagerFactory for persistence unit 'default'
2018-08-08 08:23:36.437  INFO AnanthaRajuCdesktop --- [  restartedMain] o.h.j.i.u.LogHelper                      : HHH000204: Processing PersistenceUnitInfo [
	name: default
	...]
2018-08-08 08:23:36.641  INFO AnanthaRajuCdesktop --- [  restartedMain] o.h.Version                              : HHH000412: Hibernate Core {5.2.17.Final}
2018-08-08 08:23:36.644  INFO AnanthaRajuCdesktop --- [  restartedMain] o.h.c.Environment                        : HHH000206: hibernate.properties not found
2018-08-08 08:23:36.714  INFO AnanthaRajuCdesktop --- [  restartedMain] o.h.a.c.Version                          : HCANN000001: Hibernate Commons Annotations {5.0.1.Final}
2018-08-08 08:23:36.952  INFO AnanthaRajuCdesktop --- [  restartedMain] o.h.d.Dialect                            : HHH000400: Using dialect: org.hibernate.dialect.MySQL5InnoDBDialect
2018-08-08 08:23:37.788  INFO AnanthaRajuCdesktop --- [  restartedMain] j.LocalContainerEntityManagerFactoryBean : Initialized JPA EntityManagerFactory for persistence unit 'default'
2018-08-08 08:23:38.344  INFO AnanthaRajuCdesktop --- [  restartedMain] o.s.w.s.h.SimpleUrlHandlerMapping        : Mapped URL path [/**/favicon.ico] onto handler of type [class org.springframework.web.servlet.resource.ResourceHttpRequestHandler]
2018-08-08 08:23:39.005  INFO AnanthaRajuCdesktop --- [  restartedMain] s.w.s.m.m.a.RequestMappingHandlerAdapter : Looking for @ControllerAdvice: org.springframework.boot.web.servlet.context.AnnotationConfigServletWebServerApplicationContext@531b37c6: startup date [Wed Aug 08 08:23:28 IST 2018]; root of context hierarchy
2018-08-08 08:23:39.115  WARN AnanthaRajuCdesktop --- [  restartedMain] aWebConfiguration$JpaWebMvcConfiguration : spring.jpa.open-in-view is enabled by default. Therefore, database queries may be performed during view rendering. Explicitly configure spring.jpa.open-in-view to disable this warning
2018-08-08 08:23:39.276  INFO AnanthaRajuCdesktop --- [  restartedMain] s.w.s.m.m.a.RequestMappingHandlerMapping : Mapped "{[/api/persons],methods=[GET]}" onto public java.util.List<com.arc.sbtest.model.Person> com.arc.sbtest.controller.MScontroller.getAllPersons()
2018-08-08 08:23:39.281  INFO AnanthaRajuCdesktop --- [  restartedMain] s.w.s.m.m.a.RequestMappingHandlerMapping : Mapped "{[/api/persons],methods=[POST]}" onto public com.arc.sbtest.model.Person com.arc.sbtest.controller.MScontroller.createPerson(com.arc.sbtest.model.Person)
2018-08-08 08:23:39.282  INFO AnanthaRajuCdesktop --- [  restartedMain] s.w.s.m.m.a.RequestMappingHandlerMapping : Mapped "{[/api/persons/{id}],methods=[PUT]}" onto public com.arc.sbtest.model.Person com.arc.sbtest.controller.MScontroller.updatePerson(java.lang.Long,com.arc.sbtest.model.Person)
2018-08-08 08:23:39.283  INFO AnanthaRajuCdesktop --- [  restartedMain] s.w.s.m.m.a.RequestMappingHandlerMapping : Mapped "{[/api/loggers],methods=[GET]}" onto public org.springframework.http.ResponseEntity<java.lang.String> com.arc.sbtest.controller.MScontroller.logMethod()
2018-08-08 08:23:39.284  INFO AnanthaRajuCdesktop --- [  restartedMain] s.w.s.m.m.a.RequestMappingHandlerMapping : Mapped "{[/api/persons/{id}],methods=[GET]}" onto public com.arc.sbtest.model.Person com.arc.sbtest.controller.MScontroller.getPersonById(java.lang.Long)
2018-08-08 08:23:39.285  INFO AnanthaRajuCdesktop --- [  restartedMain] s.w.s.m.m.a.RequestMappingHandlerMapping : Mapped "{[/api/generic-hello],methods=[GET]}" onto public org.springframework.http.ResponseEntity<java.lang.String> com.arc.sbtest.controller.MScontroller.noReqestParameter()
2018-08-08 08:23:39.286  INFO AnanthaRajuCdesktop --- [  restartedMain] s.w.s.m.m.a.RequestMappingHandlerMapping : Mapped "{[/api/personalized-hello],methods=[GET]}" onto public java.lang.String com.arc.sbtest.controller.MScontroller.singleReqestParameter(java.lang.String)
2018-08-08 08:23:39.324  INFO AnanthaRajuCdesktop --- [  restartedMain] s.w.s.m.m.a.RequestMappingHandlerMapping : Mapped "{[/error]}" onto public org.springframework.http.ResponseEntity<java.util.Map<java.lang.String, java.lang.Object>> org.springframework.boot.autoconfigure.web.servlet.error.BasicErrorController.error(javax.servlet.http.HttpServletRequest)
2018-08-08 08:23:39.326  INFO AnanthaRajuCdesktop --- [  restartedMain] s.w.s.m.m.a.RequestMappingHandlerMapping : Mapped "{[/error],produces=[text/html]}" onto public org.springframework.web.servlet.ModelAndView org.springframework.boot.autoconfigure.web.servlet.error.BasicErrorController.errorHtml(javax.servlet.http.HttpServletRequest,javax.servlet.http.HttpServletResponse)
2018-08-08 08:23:39.427  INFO AnanthaRajuCdesktop --- [  restartedMain] o.s.w.s.h.SimpleUrlHandlerMapping        : Mapped URL path [/webjars/**] onto handler of type [class org.springframework.web.servlet.resource.ResourceHttpRequestHandler]
2018-08-08 08:23:39.434  INFO AnanthaRajuCdesktop --- [  restartedMain] o.s.w.s.h.SimpleUrlHandlerMapping        : Mapped URL path [/**] onto handler of type [class org.springframework.web.servlet.resource.ResourceHttpRequestHandler]
2018-08-08 08:23:39.577  INFO AnanthaRajuCdesktop --- [  restartedMain] o.s.b.a.w.s.WelcomePageHandlerMapping    : Adding welcome page: class path resource [static/index.html]
2018-08-08 08:23:40.378  INFO AnanthaRajuCdesktop --- [  restartedMain] o.s.b.d.a.OptionalLiveReloadServer       : LiveReload server is running on port 35729
2018-08-08 08:23:40.409  INFO AnanthaRajuCdesktop --- [  restartedMain] o.s.b.a.e.w.EndpointLinksResolver        : Exposing 3 endpoint(s) beneath base path '/actuator'
2018-08-08 08:23:40.425  INFO AnanthaRajuCdesktop --- [  restartedMain] s.b.a.e.w.s.WebMvcEndpointHandlerMapping : Mapped "{[/actuator/health],methods=[GET],produces=[application/vnd.spring-boot.actuator.v2+json || application/json]}" onto public java.lang.Object org.springframework.boot.actuate.endpoint.web.servlet.AbstractWebMvcEndpointHandlerMapping$OperationHandler.handle(javax.servlet.http.HttpServletRequest,java.util.Map<java.lang.String, java.lang.String>)
2018-08-08 08:23:40.425  INFO AnanthaRajuCdesktop --- [  restartedMain] s.b.a.e.w.s.WebMvcEndpointHandlerMapping : Mapped "{[/actuator/info],methods=[GET],produces=[application/vnd.spring-boot.actuator.v2+json || application/json]}" onto public java.lang.Object org.springframework.boot.actuate.endpoint.web.servlet.AbstractWebMvcEndpointHandlerMapping$OperationHandler.handle(javax.servlet.http.HttpServletRequest,java.util.Map<java.lang.String, java.lang.String>)
2018-08-08 08:23:40.425  INFO AnanthaRajuCdesktop --- [  restartedMain] s.b.a.e.w.s.WebMvcEndpointHandlerMapping : Mapped "{[/actuator/httptrace],methods=[GET],produces=[application/vnd.spring-boot.actuator.v2+json || application/json]}" onto public java.lang.Object org.springframework.boot.actuate.endpoint.web.servlet.AbstractWebMvcEndpointHandlerMapping$OperationHandler.handle(javax.servlet.http.HttpServletRequest,java.util.Map<java.lang.String, java.lang.String>)
2018-08-08 08:23:40.425  INFO AnanthaRajuCdesktop --- [  restartedMain] s.b.a.e.w.s.WebMvcEndpointHandlerMapping : Mapped "{[/actuator],methods=[GET],produces=[application/vnd.spring-boot.actuator.v2+json || application/json]}" onto protected java.util.Map<java.lang.String, java.util.Map<java.lang.String, org.springframework.boot.actuate.endpoint.web.Link>> org.springframework.boot.actuate.endpoint.web.servlet.WebMvcEndpointHandlerMapping.links(javax.servlet.http.HttpServletRequest,javax.servlet.http.HttpServletResponse)
2018-08-08 08:23:40.534  INFO AnanthaRajuCdesktop --- [  restartedMain] o.s.j.e.a.AnnotationMBeanExporter        : Registering beans for JMX exposure on startup
2018-08-08 08:23:40.544  INFO AnanthaRajuCdesktop --- [  restartedMain] o.s.j.e.a.AnnotationMBeanExporter        : Bean with name 'dataSource' has been autodetected for JMX exposure
2018-08-08 08:23:40.544  INFO AnanthaRajuCdesktop --- [  restartedMain] o.s.j.e.a.AnnotationMBeanExporter        : Located MBean 'dataSource': registering with JMX server as MBean [com.zaxxer.hikari:name=dataSource,type=HikariDataSource]
2018-08-08 08:23:40.575  INFO AnanthaRajuCdesktop --- [  restartedMain] o.a.c.h.Http11NioProtocol                : Starting ProtocolHandler ["http-nio-8088"]
2018-08-08 08:23:40.607  INFO AnanthaRajuCdesktop --- [  restartedMain] o.a.t.u.n.NioSelectorPool                : Using a shared selector for servlet write/read
2018-08-08 08:23:40.632  INFO AnanthaRajuCdesktop --- [  restartedMain] o.s.b.w.e.t.TomcatWebServer              : Tomcat started on port(s): 8088 (http) with context path ''
2018-08-08 08:23:40.639  INFO AnanthaRajuCdesktop --- [  restartedMain] c.a.s.SBtemplateApplication              : Started SBtemplateApplication in 14.42 seconds (JVM running for 17.041)
2018-08-08 08:24:32.412  INFO AnanthaRajuCdesktop --- [nio-8088-exec-1] o.a.c.c.C.[.[.[/]                        : Initializing Spring FrameworkServlet 'dispatcherServlet'
2018-08-08 08:24:32.412  INFO AnanthaRajuCdesktop --- [nio-8088-exec-1] o.s.w.s.DispatcherServlet                : FrameworkServlet 'dispatcherServlet': initialization started
2018-08-08 08:24:32.468  INFO AnanthaRajuCdesktop --- [nio-8088-exec-1] o.s.w.s.DispatcherServlet                : FrameworkServlet 'dispatcherServlet': initialization completed in 55 ms
2018-08-08 08:25:22.827  INFO AnanthaRajuCdesktop --- [nio-8088-exec-2] o.h.h.i.QueryTranslatorFactoryInitiator  : HHH000397: Using ASTQueryTranslatorFactory
2018-08-08 08:25:36.334  INFO AnanthaRajuCdesktop --- [nio-8088-exec-6] c.a.s.c.MScontroller                     : Info log
2018-08-08 08:25:36.334  WARN AnanthaRajuCdesktop --- [nio-8088-exec-6] c.a.s.c.MScontroller                     : Hey, This is a warning!
2018-08-08 08:25:36.334 ERROR AnanthaRajuCdesktop --- [nio-8088-exec-6] c.a.s.c.MScontroller                     : Oops! We have an Error. OK
2018-08-08 08:25:36.335 FATAL AnanthaRajuCdesktop --- [nio-8088-exec-6] c.a.s.c.MScontroller                     : Damn! Fatal error. Please fix me.
2018-08-08 08:26:26.444  WARN AnanthaRajuCdesktop --- [nio-8088-exec-3] .w.s.m.a.ResponseStatusExceptionResolver : Resolved exception caused by Handler execution: com.arc.sbtest.exception.ResourceNotFoundException: Person not found with id : '3'
2018-08-08 08:26:40.912  WARN AnanthaRajuCdesktop --- [nio-8088-exec-4] .w.s.m.a.ResponseStatusExceptionResolver : Resolved exception caused by Handler execution: com.arc.sbtest.exception.ResourceNotFoundException: Person not found with id : '5'
2018-08-08 08:30:40.960  WARN AnanthaRajuCdesktop --- [nio-8088-exec-5] .w.s.m.a.ResponseStatusExceptionResolver : Resolved exception caused by Handler execution: com.arc.sbtest.exception.ResourceNotFoundException: Person not found with id : '5'
2018-08-08 08:30:44.792  WARN AnanthaRajuCdesktop --- [nio-8088-exec-6] .w.s.m.a.ResponseStatusExceptionResolver : Resolved exception caused by Handler execution: com.arc.sbtest.exception.ResourceNotFoundException: Person not found with id : '6'
2018-08-08 08:31:06.747  WARN AnanthaRajuCdesktop --- [io-8088-exec-10] .w.s.m.a.ResponseStatusExceptionResolver : Resolved exception caused by Handler execution: com.arc.sbtest.exception.ResourceNotFoundException: Person not found with id : '6'
2018-08-08 08:31:19.445  WARN AnanthaRajuCdesktop --- [nio-8088-exec-1] .w.s.m.a.ResponseStatusExceptionResolver : Resolved exception caused by Handler execution: com.arc.sbtest.exception.ResourceNotFoundException: Person not found with id : '6'
2018-08-08 08:31:48.460  INFO AnanthaRajuCdesktop --- [n(18)-127.0.0.1] inMXBeanRegistrar$SpringApplicationAdmin : Application shutdown requested.
2018-08-08 08:31:48.460  INFO AnanthaRajuCdesktop --- [n(18)-127.0.0.1] ConfigServletWebServerApplicationContext : Closing org.springframework.boot.web.servlet.context.AnnotationConfigServletWebServerApplicationContext@531b37c6: startup date [Wed Aug 08 08:23:28 IST 2018]; root of context hierarchy
2018-08-08 08:31:48.465  INFO AnanthaRajuCdesktop --- [n(18)-127.0.0.1] o.s.j.e.a.AnnotationMBeanExporter        : Unregistering JMX-exposed beans on shutdown
2018-08-08 08:31:48.465  INFO AnanthaRajuCdesktop --- [n(18)-127.0.0.1] o.s.j.e.a.AnnotationMBeanExporter        : Unregistering JMX-exposed beans
2018-08-08 08:31:48.465  INFO AnanthaRajuCdesktop --- [n(18)-127.0.0.1] j.LocalContainerEntityManagerFactoryBean : Closing JPA EntityManagerFactory for persistence unit 'default'
2018-08-08 08:31:48.465  INFO AnanthaRajuCdesktop --- [n(18)-127.0.0.1] c.z.h.HikariDataSource                   : HikariPool-1 - Shutdown initiated...
2018-08-08 08:31:48.496  INFO AnanthaRajuCdesktop --- [n(18)-127.0.0.1] c.z.h.HikariDataSource                   : HikariPool-1 - Shutdown completed.
